# JRE version: OpenJDK Runtime Environment Temurin-21.0.8+9 (21.0.8+9) (build 21.0.8+9-LTS)
# Java VM: OpenJDK 64-Bit Server VM Temurin-21.0.8+9 (21.0.8+9-LTS, mixed mode, sharing, tiered, compressed oops, compressed class ptrs, parallel gc, windows-amd64)
GC Precious Log:
 CardTable entry size: 512
 CPUs: 12 total, 12 available
 Memory: 7916M
 Large Page Support: Disabled
 NUMA Support: Disabled
 Compressed Oops: Enabled (32-bit)
 Alignments: Space 512K, Generation 512K, Heap 2M
 Heap Min Capacity: 100M
 Heap Initial Capacity: 100M
 Heap Max Capacity: 2G
 Pre-touch: Disabled
 Parallel Workers: 10
Heap:
 PSYoungGen      total 13824K, used 6735K [0x00000000d5580000, 0x00000000d6500000, 0x0000000100000000)
  eden space 11776K, 44% used [0x00000000d5580000,0x00000000d5a94cf0,0x00000000d6100000)
  from space 2048K, 74% used [0x00000000d6300000,0x00000000d647f238,0x00000000d6500000)
  to   space 2048K, 0% used [0x00000000d6100000,0x00000000d6100000,0x00000000d6300000)
 ParOldGen       total 99328K, used 99146K [0x0000000080000000, 0x0000000086100000, 0x00000000d5580000)
  object space 99328K, 99% used [0x0000000080000000,0x00000000860d29d0,0x0000000086100000)
 Metaspace       used 64842K, committed 66368K, reserved 1114112K
  class space    used 6844K, committed 7488K, reserved 1048576K
GC Heap History (20 events):
Event: 368.330 GC heap before
{Heap before GC invocations=84 (full 3):
 PSYoungGen      total 14848K, used 14700K [0x00000000d5580000, 0x00000000d6600000, 0x0000000100000000)
  eden space 13824K, 100% used [0x00000000d5580000,0x00000000d6300000,0x00000000d6300000)
  from space 1024K, 85% used [0x00000000d6500000,0x00000000d65db0e0,0x00000000d6600000)
  to   space 1024K, 0% used [0x00000000d6400000,0x00000000d6400000,0x00000000d6500000)
 ParOldGen       total 90112K, used 89907K [0x0000000080000000, 0x0000000085800000, 0x00000000d5580000)
  object space 90112K, 99% used [0x0000000080000000,0x00000000857ccda8,0x0000000085800000)
 Metaspace       used 63082K, committed 64576K, reserved 1114112K
  class space    used 6694K, committed 7360K, reserved 1048576K
}
Event: 368.334 GC heap after
{Heap after GC invocations=84 (full 3):
 PSYoungGen      total 14848K, used 1007K [0x00000000d5580000, 0x00000000d6600000, 0x0000000100000000)
  eden space 13824K, 0% used [0x00000000d5580000,0x00000000d5580000,0x00000000d6300000)
  from space 1024K, 98% used [0x00000000d6400000,0x00000000d64fbc88,0x00000000d6500000)
  to   space 1024K, 0% used [0x00000000d6500000,0x00000000d6500000,0x00000000d6600000)
 ParOldGen       total 91136K, used 90658K [0x0000000080000000, 0x0000000085900000, 0x00000000d5580000)
  object space 91136K, 99% used [0x0000000080000000,0x0000000085888a28,0x0000000085900000)
 Metaspace       used 63082K, committed 64576K, reserved 1114112K
  class space    used 6694K, committed 7360K, reserved 1048576K
}
Event: 368.381 GC heap before
{Heap before GC invocations=85 (full 3):
 PSYoungGen      total 14848K, used 14831K [0x00000000d5580000, 0x00000000d6600000, 0x0000000100000000)
  eden space 13824K, 100% used [0x00000000d5580000,0x00000000d6300000,0x00000000d6300000)
  from space 1024K, 98% used [0x00000000d6400000,0x00000000d64fbc88,0x00000000d6500000)
  to   space 1024K, 0% used [0x00000000d6500000,0x00000000d6500000,0x00000000d6600000)
 ParOldGen       total 91136K, used 90658K [0x0000000080000000, 0x0000000085900000, 0x00000000d5580000)
  object space 91136K, 99% used [0x0000000080000000,0x0000000085888a28,0x0000000085900000)
 Metaspace       used 63082K, committed 64576K, reserved 1114112K
  class space    used 6694K, committed 7360K, reserved 1048576K
}
Event: 368.384 GC heap after
{Heap after GC invocations=85 (full 3):
 PSYoungGen      total 14848K, used 773K [0x00000000d5580000, 0x00000000d6600000, 0x0000000100000000)
  eden space 13824K, 0% used [0x00000000d5580000,0x00000000d5580000,0x00000000d6300000)
  from space 1024K, 75% used [0x00000000d6500000,0x00000000d65c1638,0x00000000d6600000)
  to   space 1024K, 0% used [0x00000000d6400000,0x00000000d6400000,0x00000000d6500000)
 ParOldGen       total 91648K, used 91464K [0x0000000080000000, 0x0000000085980000, 0x00000000d5580000)
  object space 91648K, 99% used [0x0000000080000000,0x0000000085952060,0x0000000085980000)
 Metaspace       used 63082K, committed 64576K, reserved 1114112K
  class space    used 6694K, committed 7360K, reserved 1048576K
}
Event: 368.431 GC heap before
{Heap before GC invocations=86 (full 3):
 PSYoungGen      total 14848K, used 14597K [0x00000000d5580000, 0x00000000d6600000, 0x0000000100000000)
  eden space 13824K, 100% used [0x00000000d5580000,0x00000000d6300000,0x00000000d6300000)
  from space 1024K, 75% used [0x00000000d6500000,0x00000000d65c1638,0x00000000d6600000)
  to   space 1024K, 0% used [0x00000000d6400000,0x00000000d6400000,0x00000000d6500000)
 ParOldGen       total 91648K, used 91464K [0x0000000080000000, 0x0000000085980000, 0x00000000d5580000)
  object space 91648K, 99% used [0x0000000080000000,0x0000000085952060,0x0000000085980000)
 Metaspace       used 63082K, committed 64576K, reserved 1114112K
  class space    used 6694K, committed 7360K, reserved 1048576K
}
Event: 368.434 GC heap after
{Heap after GC invocations=86 (full 3):
 PSYoungGen      total 14848K, used 1001K [0x00000000d5580000, 0x00000000d6700000, 0x0000000100000000)
  eden space 13824K, 0% used [0x00000000d5580000,0x00000000d5580000,0x00000000d6300000)
  from space 1024K, 97% used [0x00000000d6400000,0x00000000d64fa5d8,0x00000000d6500000)
  to   space 2048K, 0% used [0x00000000d6500000,0x00000000d6500000,0x00000000d6700000)
 ParOldGen       total 92160K, used 92118K [0x0000000080000000, 0x0000000085a00000, 0x00000000d5580000)
  object space 92160K, 99% used [0x0000000080000000,0x00000000859f5a78,0x0000000085a00000)
 Metaspace       used 63082K, committed 64576K, reserved 1114112K
  class space    used 6694K, committed 7360K, reserved 1048576K
}
Event: 368.463 GC heap before
{Heap before GC invocations=87 (full 3):
 PSYoungGen      total 14848K, used 14825K [0x00000000d5580000, 0x00000000d6700000, 0x0000000100000000)
  eden space 13824K, 100% used [0x00000000d5580000,0x00000000d6300000,0x00000000d6300000)
  from space 1024K, 97% used [0x00000000d6400000,0x00000000d64fa5d8,0x00000000d6500000)
  to   space 2048K, 0% used [0x00000000d6500000,0x00000000d6500000,0x00000000d6700000)
 ParOldGen       total 92160K, used 92118K [0x0000000080000000, 0x0000000085a00000, 0x00000000d5580000)
  object space 92160K, 99% used [0x0000000080000000,0x00000000859f5a78,0x0000000085a00000)
 Metaspace       used 63082K, committed 64576K, reserved 1114112K
  class space    used 6694K, committed 7360K, reserved 1048576K
}
Event: 368.466 GC heap after
{Heap after GC invocations=87 (full 3):
 PSYoungGen      total 14336K, used 320K [0x00000000d5580000, 0x00000000d6580000, 0x0000000100000000)
  eden space 13824K, 0% used [0x00000000d5580000,0x00000000d5580000,0x00000000d6300000)
  from space 512K, 62% used [0x00000000d6500000,0x00000000d6550000,0x00000000d6580000)
  to   space 1024K, 0% used [0x00000000d6380000,0x00000000d6380000,0x00000000d6480000)
 ParOldGen       total 93184K, used 93124K [0x0000000080000000, 0x0000000085b00000, 0x00000000d5580000)
  object space 93184K, 99% used [0x0000000080000000,0x0000000085af1318,0x0000000085b00000)
 Metaspace       used 63082K, committed 64576K, reserved 1114112K
  class space    used 6694K, committed 7360K, reserved 1048576K
}
Event: 368.575 GC heap before
{Heap before GC invocations=88 (full 3):
 PSYoungGen      total 14336K, used 14144K [0x00000000d5580000, 0x00000000d6580000, 0x0000000100000000)
  eden space 13824K, 100% used [0x00000000d5580000,0x00000000d6300000,0x00000000d6300000)
  from space 512K, 62% used [0x00000000d6500000,0x00000000d6550000,0x00000000d6580000)
  to   space 1024K, 0% used [0x00000000d6380000,0x00000000d6380000,0x00000000d6480000)
 ParOldGen       total 93184K, used 93124K [0x0000000080000000, 0x0000000085b00000, 0x00000000d5580000)
  object space 93184K, 99% used [0x0000000080000000,0x0000000085af1318,0x0000000085b00000)
 Metaspace       used 63087K, committed 64640K, reserved 1114112K
  class space    used 6694K, committed 7360K, reserved 1048576K
}
Event: 368.578 GC heap after
{Heap after GC invocations=88 (full 3):
 PSYoungGen      total 14848K, used 916K [0x00000000d5580000, 0x00000000d6600000, 0x0000000100000000)
  eden space 13824K, 0% used [0x00000000d5580000,0x00000000d5580000,0x00000000d6300000)
  from space 1024K, 89% used [0x00000000d6380000,0x00000000d64652e0,0x00000000d6480000)
  to   space 1536K, 0% used [0x00000000d6480000,0x00000000d6480000,0x00000000d6600000)
 ParOldGen       total 93696K, used 93404K [0x0000000080000000, 0x0000000085b80000, 0x00000000d5580000)
  object space 93696K, 99% used [0x0000000080000000,0x0000000085b37318,0x0000000085b80000)
 Metaspace       used 63087K, committed 64640K, reserved 1114112K
  class space    used 6694K, committed 7360K, reserved 1048576K
}
Event: 369.705 GC heap before
{Heap before GC invocations=89 (full 3):
 PSYoungGen      total 14848K, used 14740K [0x00000000d5580000, 0x00000000d6600000, 0x0000000100000000)
  eden space 13824K, 100% used [0x00000000d5580000,0x00000000d6300000,0x00000000d6300000)
  from space 1024K, 89% used [0x00000000d6380000,0x00000000d64652e0,0x00000000d6480000)
  to   space 1536K, 0% used [0x00000000d6480000,0x00000000d6480000,0x00000000d6600000)
 ParOldGen       total 93696K, used 93404K [0x0000000080000000, 0x0000000085b80000, 0x00000000d5580000)
  object space 93696K, 99% used [0x0000000080000000,0x0000000085b37318,0x0000000085b80000)
 Metaspace       used 63088K, committed 64640K, reserved 1114112K
  class space    used 6694K, committed 7360K, reserved 1048576K
}
Event: 369.708 GC heap after
{Heap after GC invocations=89 (full 3):
 PSYoungGen      total 15360K, used 1126K [0x00000000d5580000, 0x00000000d6600000, 0x0000000100000000)
  eden space 13824K, 0% used [0x00000000d5580000,0x00000000d5580000,0x00000000d6300000)
  from space 1536K, 73% used [0x00000000d6480000,0x00000000d6599a28,0x00000000d6600000)
  to   space 1536K, 0% used [0x00000000d6300000,0x00000000d6300000,0x00000000d6480000)
 ParOldGen       total 94208K, used 94203K [0x0000000080000000, 0x0000000085c00000, 0x00000000d5580000)
  object space 94208K, 99% used [0x0000000080000000,0x0000000085bfedb8,0x0000000085c00000)
 Metaspace       used 63088K, committed 64640K, reserved 1114112K
  class space    used 6694K, committed 7360K, reserved 1048576K
}
Event: 369.944 GC heap before
{Heap before GC invocations=90 (full 3):
 PSYoungGen      total 15360K, used 14950K [0x00000000d5580000, 0x00000000d6600000, 0x0000000100000000)
  eden space 13824K, 100% used [0x00000000d5580000,0x00000000d6300000,0x00000000d6300000)
  from space 1536K, 73% used [0x00000000d6480000,0x00000000d6599a28,0x00000000d6600000)
  to   space 1536K, 0% used [0x00000000d6300000,0x00000000d6300000,0x00000000d6480000)
 ParOldGen       total 94208K, used 94203K [0x0000000080000000, 0x0000000085c00000, 0x00000000d5580000)
  object space 94208K, 99% used [0x0000000080000000,0x0000000085bfedb8,0x0000000085c00000)
 Metaspace       used 63245K, committed 64768K, reserved 1114112K
  class space    used 6715K, committed 7360K, reserved 1048576K
}
Event: 369.949 GC heap after
{Heap after GC invocations=90 (full 3):
 PSYoungGen      total 15360K, used 1032K [0x00000000d5580000, 0x00000000d6600000, 0x0000000100000000)
  eden space 13824K, 0% used [0x00000000d5580000,0x00000000d5580000,0x00000000d6300000)
  from space 1536K, 67% used [0x00000000d6300000,0x00000000d6402178,0x00000000d6480000)
  to   space 1536K, 0% used [0x00000000d6480000,0x00000000d6480000,0x00000000d6600000)
 ParOldGen       total 95232K, used 95167K [0x0000000080000000, 0x0000000085d00000, 0x00000000d5580000)
  object space 95232K, 99% used [0x0000000080000000,0x0000000085ceff10,0x0000000085d00000)
 Metaspace       used 63245K, committed 64768K, reserved 1114112K
  class space    used 6715K, committed 7360K, reserved 1048576K
}
Event: 371.619 GC heap before
{Heap before GC invocations=91 (full 3):
 PSYoungGen      total 15360K, used 14856K [0x00000000d5580000, 0x00000000d6600000, 0x0000000100000000)
  eden space 13824K, 100% used [0x00000000d5580000,0x00000000d6300000,0x00000000d6300000)
  from space 1536K, 67% used [0x00000000d6300000,0x00000000d6402178,0x00000000d6480000)
  to   space 1536K, 0% used [0x00000000d6480000,0x00000000d6480000,0x00000000d6600000)
 ParOldGen       total 95232K, used 95167K [0x0000000080000000, 0x0000000085d00000, 0x00000000d5580000)
  object space 95232K, 99% used [0x0000000080000000,0x0000000085ceff10,0x0000000085d00000)
 Metaspace       used 63880K, committed 65408K, reserved 1114112K
  class space    used 6762K, committed 7424K, reserved 1048576K
}
Event: 371.625 GC heap after
{Heap after GC invocations=91 (full 3):
 PSYoungGen      total 13312K, used 1523K [0x00000000d5580000, 0x00000000d6a00000, 0x0000000100000000)
  eden space 11776K, 0% used [0x00000000d5580000,0x00000000d5580000,0x00000000d6100000)
  from space 1536K, 99% used [0x00000000d6480000,0x00000000d65fcc00,0x00000000d6600000)
  to   space 3584K, 0% used [0x00000000d6100000,0x00000000d6100000,0x00000000d6480000)
 ParOldGen       total 96768K, used 96758K [0x0000000080000000, 0x0000000085e80000, 0x00000000d5580000)
  object space 96768K, 99% used [0x0000000080000000,0x0000000085e7d938,0x0000000085e80000)
 Metaspace       used 63880K, committed 65408K, reserved 1114112K
  class space    used 6762K, committed 7424K, reserved 1048576K
}
Event: 372.134 GC heap before
{Heap before GC invocations=92 (full 3):
 PSYoungGen      total 13312K, used 13299K [0x00000000d5580000, 0x00000000d6a00000, 0x0000000100000000)
  eden space 11776K, 100% used [0x00000000d5580000,0x00000000d6100000,0x00000000d6100000)
  from space 1536K, 99% used [0x00000000d6480000,0x00000000d65fcc00,0x00000000d6600000)
  to   space 3584K, 0% used [0x00000000d6100000,0x00000000d6100000,0x00000000d6480000)
 ParOldGen       total 96768K, used 96758K [0x0000000080000000, 0x0000000085e80000, 0x00000000d5580000)
  object space 96768K, 99% used [0x0000000080000000,0x0000000085e7d938,0x0000000085e80000)
 Metaspace       used 64309K, committed 65792K, reserved 1114112K
  class space    used 6807K, committed 7424K, reserved 1048576K
}
Event: 372.140 GC heap after
{Heap after GC invocations=92 (full 3):
 PSYoungGen      total 12800K, used 1008K [0x00000000d5580000, 0x00000000d6500000, 0x0000000100000000)
  eden space 11776K, 0% used [0x00000000d5580000,0x00000000d5580000,0x00000000d6100000)
  from space 1024K, 98% used [0x00000000d6100000,0x00000000d61fc030,0x00000000d6200000)
  to   space 2048K, 0% used [0x00000000d6300000,0x00000000d6300000,0x00000000d6500000)
 ParOldGen       total 98304K, used 98285K [0x0000000080000000, 0x0000000086000000, 0x00000000d5580000)
  object space 98304K, 99% used [0x0000000080000000,0x0000000085ffb470,0x0000000086000000)
 Metaspace       used 64309K, committed 65792K, reserved 1114112K
  class space    used 6807K, committed 7424K, reserved 1048576K
}
Event: 609.435 GC heap before
{Heap before GC invocations=93 (full 3):
 PSYoungGen      total 12800K, used 12784K [0x00000000d5580000, 0x00000000d6500000, 0x0000000100000000)
  eden space 11776K, 100% used [0x00000000d5580000,0x00000000d6100000,0x00000000d6100000)
  from space 1024K, 98% used [0x00000000d6100000,0x00000000d61fc030,0x00000000d6200000)
  to   space 2048K, 0% used [0x00000000d6300000,0x00000000d6300000,0x00000000d6500000)
 ParOldGen       total 98304K, used 98285K [0x0000000080000000, 0x0000000086000000, 0x00000000d5580000)
  object space 98304K, 99% used [0x0000000080000000,0x0000000085ffb470,0x0000000086000000)
 Metaspace       used 64590K, committed 66112K, reserved 1114112K
  class space    used 6828K, committed 7488K, reserved 1048576K
}
Event: 609.514 GC heap after
{Heap after GC invocations=93 (full 3):
 PSYoungGen      total 13824K, used 1532K [0x00000000d5580000, 0x00000000d6500000, 0x0000000100000000)
  eden space 11776K, 0% used [0x00000000d5580000,0x00000000d5580000,0x00000000d6100000)
  from space 2048K, 74% used [0x00000000d6300000,0x00000000d647f238,0x00000000d6500000)
  to   space 2048K, 0% used [0x00000000d6100000,0x00000000d6100000,0x00000000d6300000)
 ParOldGen       total 99328K, used 99146K [0x0000000080000000, 0x0000000086100000, 0x00000000d5580000)
  object space 99328K, 99% used [0x0000000080000000,0x00000000860d29d0,0x0000000086100000)
 Metaspace       used 64590K, committed 66112K, reserved 1114112K
  class space    used 6828K, committed 7488K, reserved 1048576K
}

