# JRE version: OpenJDK Runtime Environment Temurin-21.0.8+9 (21.0.8+9) (build 21.0.8+9-LTS)
# Java VM: OpenJDK 64-Bit Server VM Temurin-21.0.8+9 (21.0.8+9-LTS, mixed mode, sharing, tiered, compressed oops, compressed class ptrs, parallel gc, windows-amd64)
GC Precious Log:
 CardTable entry size: 512
 CPUs: 12 total, 12 available
 Memory: 7916M
 Large Page Support: Disabled
 NUMA Support: Disabled
 Compressed Oops: Enabled (32-bit)
 Alignments: Space 512K, Generation 512K, Heap 2M
 Heap Min Capacity: 100M
 Heap Initial Capacity: 100M
 Heap Max Capacity: 2G
 Pre-touch: Disabled
 Parallel Workers: 10
Heap:
 PSYoungGen      total 17920K, used 5952K [0x00000000d5580000, 0x00000000d6900000, 0x0000000100000000)
  eden space 15872K, 26% used [0x00000000d5580000,0x00000000d59a9700,0x00000000d6500000)
  from space 2048K, 82% used [0x00000000d6700000,0x00000000d68a6c18,0x00000000d6900000)
  to   space 2048K, 0% used [0x00000000d6500000,0x00000000d6500000,0x00000000d6700000)
 ParOldGen       total 83456K, used 83039K [0x0000000080000000, 0x0000000085180000, 0x00000000d5580000)
  object space 83456K, 99% used [0x0000000080000000,0x0000000085117cc8,0x0000000085180000)
 Metaspace       used 63584K, committed 65088K, reserved 1114112K
  class space    used 6635K, committed 7296K, reserved 1048576K
GC Heap History (20 events):
Event: 26.612 GC heap before
{Heap before GC invocations=72 (full 3):
 PSYoungGen      total 16896K, used 16864K [0x00000000d5580000, 0x00000000d6b80000, 0x0000000100000000)
  eden space 15872K, 100% used [0x00000000d5580000,0x00000000d6500000,0x00000000d6500000)
  from space 1024K, 96% used [0x00000000d6780000,0x00000000d6878038,0x00000000d6880000)
  to   space 2560K, 0% used [0x00000000d6500000,0x00000000d6500000,0x00000000d6780000)
 ParOldGen       total 77312K, used 72002K [0x0000000080000000, 0x0000000084b80000, 0x00000000d5580000)
  object space 77312K, 93% used [0x0000000080000000,0x0000000084650b98,0x0000000084b80000)
 Metaspace       used 60262K, committed 61760K, reserved 1114112K
  class space    used 6397K, committed 7040K, reserved 1048576K
}
Event: 26.618 GC heap after
{Heap after GC invocations=72 (full 3):
 PSYoungGen      total 18432K, used 2215K [0x00000000d5580000, 0x00000000d6a00000, 0x0000000100000000)
  eden space 15872K, 0% used [0x00000000d5580000,0x00000000d5580000,0x00000000d6500000)
  from space 2560K, 86% used [0x00000000d6500000,0x00000000d6729c60,0x00000000d6780000)
  to   space 2560K, 0% used [0x00000000d6780000,0x00000000d6780000,0x00000000d6a00000)
 ParOldGen       total 77312K, used 72744K [0x0000000080000000, 0x0000000084b80000, 0x00000000d5580000)
  object space 77312K, 94% used [0x0000000080000000,0x000000008470a260,0x0000000084b80000)
 Metaspace       used 60262K, committed 61760K, reserved 1114112K
  class space    used 6397K, committed 7040K, reserved 1048576K
}
Event: 27.324 GC heap before
{Heap before GC invocations=73 (full 3):
 PSYoungGen      total 18432K, used 18087K [0x00000000d5580000, 0x00000000d6a00000, 0x0000000100000000)
  eden space 15872K, 100% used [0x00000000d5580000,0x00000000d6500000,0x00000000d6500000)
  from space 2560K, 86% used [0x00000000d6500000,0x00000000d6729c60,0x00000000d6780000)
  to   space 2560K, 0% used [0x00000000d6780000,0x00000000d6780000,0x00000000d6a00000)
 ParOldGen       total 77312K, used 72744K [0x0000000080000000, 0x0000000084b80000, 0x00000000d5580000)
  object space 77312K, 94% used [0x0000000080000000,0x000000008470a260,0x0000000084b80000)
 Metaspace       used 60639K, committed 62144K, reserved 1114112K
  class space    used 6440K, committed 7104K, reserved 1048576K
}
Event: 27.327 GC heap after
{Heap after GC invocations=73 (full 3):
 PSYoungGen      total 16896K, used 1024K [0x00000000d5580000, 0x00000000d6880000, 0x0000000100000000)
  eden space 15872K, 0% used [0x00000000d5580000,0x00000000d5580000,0x00000000d6500000)
  from space 1024K, 100% used [0x00000000d6780000,0x00000000d6880000,0x00000000d6880000)
  to   space 1536K, 0% used [0x00000000d6580000,0x00000000d6580000,0x00000000d6700000)
 ParOldGen       total 77312K, used 74617K [0x0000000080000000, 0x0000000084b80000, 0x00000000d5580000)
  object space 77312K, 96% used [0x0000000080000000,0x00000000848de778,0x0000000084b80000)
 Metaspace       used 60639K, committed 62144K, reserved 1114112K
  class space    used 6440K, committed 7104K, reserved 1048576K
}
Event: 27.551 GC heap before
{Heap before GC invocations=74 (full 3):
 PSYoungGen      total 16896K, used 16896K [0x00000000d5580000, 0x00000000d6880000, 0x0000000100000000)
  eden space 15872K, 100% used [0x00000000d5580000,0x00000000d6500000,0x00000000d6500000)
  from space 1024K, 100% used [0x00000000d6780000,0x00000000d6880000,0x00000000d6880000)
  to   space 1536K, 0% used [0x00000000d6580000,0x00000000d6580000,0x00000000d6700000)
 ParOldGen       total 77312K, used 74617K [0x0000000080000000, 0x0000000084b80000, 0x00000000d5580000)
  object space 77312K, 96% used [0x0000000080000000,0x00000000848de778,0x0000000084b80000)
 Metaspace       used 60759K, committed 62208K, reserved 1114112K
  class space    used 6444K, committed 7104K, reserved 1048576K
}
Event: 27.554 GC heap after
{Heap after GC invocations=74 (full 3):
 PSYoungGen      total 17408K, used 800K [0x00000000d5580000, 0x00000000d6800000, 0x0000000100000000)
  eden space 15872K, 0% used [0x00000000d5580000,0x00000000d5580000,0x00000000d6500000)
  from space 1536K, 52% used [0x00000000d6580000,0x00000000d6648000,0x00000000d6700000)
  to   space 1024K, 0% used [0x00000000d6700000,0x00000000d6700000,0x00000000d6800000)
 ParOldGen       total 77312K, used 75274K [0x0000000080000000, 0x0000000084b80000, 0x00000000d5580000)
  object space 77312K, 97% used [0x0000000080000000,0x0000000084982b88,0x0000000084b80000)
 Metaspace       used 60759K, committed 62208K, reserved 1114112K
  class space    used 6444K, committed 7104K, reserved 1048576K
}
Event: 27.732 GC heap before
{Heap before GC invocations=75 (full 3):
 PSYoungGen      total 17408K, used 16672K [0x00000000d5580000, 0x00000000d6800000, 0x0000000100000000)
  eden space 15872K, 100% used [0x00000000d5580000,0x00000000d6500000,0x00000000d6500000)
  from space 1536K, 52% used [0x00000000d6580000,0x00000000d6648000,0x00000000d6700000)
  to   space 1024K, 0% used [0x00000000d6700000,0x00000000d6700000,0x00000000d6800000)
 ParOldGen       total 77312K, used 75274K [0x0000000080000000, 0x0000000084b80000, 0x00000000d5580000)
  object space 77312K, 97% used [0x0000000080000000,0x0000000084982b88,0x0000000084b80000)
 Metaspace       used 60913K, committed 62336K, reserved 1114112K
  class space    used 6455K, committed 7104K, reserved 1048576K
}
Event: 27.735 GC heap after
{Heap after GC invocations=75 (full 3):
 PSYoungGen      total 16896K, used 880K [0x00000000d5580000, 0x00000000d6800000, 0x0000000100000000)
  eden space 15872K, 0% used [0x00000000d5580000,0x00000000d5580000,0x00000000d6500000)
  from space 1024K, 85% used [0x00000000d6700000,0x00000000d67dc010,0x00000000d6800000)
  to   space 1024K, 0% used [0x00000000d6600000,0x00000000d6600000,0x00000000d6700000)
 ParOldGen       total 77312K, used 75951K [0x0000000080000000, 0x0000000084b80000, 0x00000000d5580000)
  object space 77312K, 98% used [0x0000000080000000,0x0000000084a2bfc0,0x0000000084b80000)
 Metaspace       used 60913K, committed 62336K, reserved 1114112K
  class space    used 6455K, committed 7104K, reserved 1048576K
}
Event: 27.890 GC heap before
{Heap before GC invocations=76 (full 3):
 PSYoungGen      total 16896K, used 16752K [0x00000000d5580000, 0x00000000d6800000, 0x0000000100000000)
  eden space 15872K, 100% used [0x00000000d5580000,0x00000000d6500000,0x00000000d6500000)
  from space 1024K, 85% used [0x00000000d6700000,0x00000000d67dc010,0x00000000d6800000)
  to   space 1024K, 0% used [0x00000000d6600000,0x00000000d6600000,0x00000000d6700000)
 ParOldGen       total 77312K, used 75951K [0x0000000080000000, 0x0000000084b80000, 0x00000000d5580000)
  object space 77312K, 98% used [0x0000000080000000,0x0000000084a2bfc0,0x0000000084b80000)
 Metaspace       used 60969K, committed 62400K, reserved 1114112K
  class space    used 6458K, committed 7104K, reserved 1048576K
}
Event: 27.893 GC heap after
{Heap after GC invocations=76 (full 3):
 PSYoungGen      total 16896K, used 912K [0x00000000d5580000, 0x00000000d6780000, 0x0000000100000000)
  eden space 15872K, 0% used [0x00000000d5580000,0x00000000d5580000,0x00000000d6500000)
  from space 1024K, 89% used [0x00000000d6600000,0x00000000d66e4030,0x00000000d6700000)
  to   space 512K, 0% used [0x00000000d6700000,0x00000000d6700000,0x00000000d6780000)
 ParOldGen       total 77312K, used 76545K [0x0000000080000000, 0x0000000084b80000, 0x00000000d5580000)
  object space 77312K, 99% used [0x0000000080000000,0x0000000084ac0610,0x0000000084b80000)
 Metaspace       used 60969K, committed 62400K, reserved 1114112K
  class space    used 6458K, committed 7104K, reserved 1048576K
}
Event: 28.315 GC heap before
{Heap before GC invocations=77 (full 3):
 PSYoungGen      total 16896K, used 16784K [0x00000000d5580000, 0x00000000d6780000, 0x0000000100000000)
  eden space 15872K, 100% used [0x00000000d5580000,0x00000000d6500000,0x00000000d6500000)
  from space 1024K, 89% used [0x00000000d6600000,0x00000000d66e4030,0x00000000d6700000)
  to   space 512K, 0% used [0x00000000d6700000,0x00000000d6700000,0x00000000d6780000)
 ParOldGen       total 77312K, used 76545K [0x0000000080000000, 0x0000000084b80000, 0x00000000d5580000)
  object space 77312K, 99% used [0x0000000080000000,0x0000000084ac0610,0x0000000084b80000)
 Metaspace       used 61495K, committed 62976K, reserved 1114112K
  class space    used 6506K, committed 7168K, reserved 1048576K
}
Event: 28.321 GC heap after
{Heap after GC invocations=77 (full 3):
 PSYoungGen      total 16384K, used 496K [0x00000000d5580000, 0x00000000d6900000, 0x0000000100000000)
  eden space 15872K, 0% used [0x00000000d5580000,0x00000000d5580000,0x00000000d6500000)
  from space 512K, 96% used [0x00000000d6700000,0x00000000d677c140,0x00000000d6780000)
  to   space 2048K, 0% used [0x00000000d6500000,0x00000000d6500000,0x00000000d6700000)
 ParOldGen       total 77824K, used 77587K [0x0000000080000000, 0x0000000084c00000, 0x00000000d5580000)
  object space 77824K, 99% used [0x0000000080000000,0x0000000084bc4f08,0x0000000084c00000)
 Metaspace       used 61495K, committed 62976K, reserved 1114112K
  class space    used 6506K, committed 7168K, reserved 1048576K
}
Event: 29.016 GC heap before
{Heap before GC invocations=78 (full 3):
 PSYoungGen      total 16384K, used 16368K [0x00000000d5580000, 0x00000000d6900000, 0x0000000100000000)
  eden space 15872K, 100% used [0x00000000d5580000,0x00000000d6500000,0x00000000d6500000)
  from space 512K, 96% used [0x00000000d6700000,0x00000000d677c140,0x00000000d6780000)
  to   space 2048K, 0% used [0x00000000d6500000,0x00000000d6500000,0x00000000d6700000)
 ParOldGen       total 77824K, used 77587K [0x0000000080000000, 0x0000000084c00000, 0x00000000d5580000)
  object space 77824K, 99% used [0x0000000080000000,0x0000000084bc4f08,0x0000000084c00000)
 Metaspace       used 62131K, committed 63616K, reserved 1114112K
  class space    used 6530K, committed 7168K, reserved 1048576K
}
Event: 29.020 GC heap after
{Heap after GC invocations=78 (full 3):
 PSYoungGen      total 17920K, used 1989K [0x00000000d5580000, 0x00000000d6a00000, 0x0000000100000000)
  eden space 15872K, 0% used [0x00000000d5580000,0x00000000d5580000,0x00000000d6500000)
  from space 2048K, 97% used [0x00000000d6500000,0x00000000d66f15f8,0x00000000d6700000)
  to   space 2560K, 0% used [0x00000000d6780000,0x00000000d6780000,0x00000000d6a00000)
 ParOldGen       total 78336K, used 78121K [0x0000000080000000, 0x0000000084c80000, 0x00000000d5580000)
  object space 78336K, 99% used [0x0000000080000000,0x0000000084c4a4f0,0x0000000084c80000)
 Metaspace       used 62131K, committed 63616K, reserved 1114112K
  class space    used 6530K, committed 7168K, reserved 1048576K
}
Event: 29.550 GC heap before
{Heap before GC invocations=79 (full 3):
 PSYoungGen      total 17920K, used 17861K [0x00000000d5580000, 0x00000000d6a00000, 0x0000000100000000)
  eden space 15872K, 100% used [0x00000000d5580000,0x00000000d6500000,0x00000000d6500000)
  from space 2048K, 97% used [0x00000000d6500000,0x00000000d66f15f8,0x00000000d6700000)
  to   space 2560K, 0% used [0x00000000d6780000,0x00000000d6780000,0x00000000d6a00000)
 ParOldGen       total 78336K, used 78121K [0x0000000080000000, 0x0000000084c80000, 0x00000000d5580000)
  object space 78336K, 99% used [0x0000000080000000,0x0000000084c4a4f0,0x0000000084c80000)
 Metaspace       used 63146K, committed 64640K, reserved 1114112K
  class space    used 6630K, committed 7296K, reserved 1048576K
}
Event: 29.554 GC heap after
{Heap after GC invocations=79 (full 3):
 PSYoungGen      total 17920K, used 1698K [0x00000000d5580000, 0x00000000d6980000, 0x0000000100000000)
  eden space 15872K, 0% used [0x00000000d5580000,0x00000000d5580000,0x00000000d6500000)
  from space 2048K, 82% used [0x00000000d6780000,0x00000000d6928bc8,0x00000000d6980000)
  to   space 2048K, 0% used [0x00000000d6500000,0x00000000d6500000,0x00000000d6700000)
 ParOldGen       total 79872K, used 79689K [0x0000000080000000, 0x0000000084e00000, 0x00000000d5580000)
  object space 79872K, 99% used [0x0000000080000000,0x0000000084dd24c8,0x0000000084e00000)
 Metaspace       used 63146K, committed 64640K, reserved 1114112K
  class space    used 6630K, committed 7296K, reserved 1048576K
}
Event: 29.769 GC heap before
{Heap before GC invocations=80 (full 3):
 PSYoungGen      total 17920K, used 17570K [0x00000000d5580000, 0x00000000d6980000, 0x0000000100000000)
  eden space 15872K, 100% used [0x00000000d5580000,0x00000000d6500000,0x00000000d6500000)
  from space 2048K, 82% used [0x00000000d6780000,0x00000000d6928bc8,0x00000000d6980000)
  to   space 2048K, 0% used [0x00000000d6500000,0x00000000d6500000,0x00000000d6700000)
 ParOldGen       total 79872K, used 79689K [0x0000000080000000, 0x0000000084e00000, 0x00000000d5580000)
  object space 79872K, 99% used [0x0000000080000000,0x0000000084dd24c8,0x0000000084e00000)
 Metaspace       used 63221K, committed 64704K, reserved 1114112K
  class space    used 6630K, committed 7296K, reserved 1048576K
}
Event: 29.773 GC heap after
{Heap after GC invocations=80 (full 3):
 PSYoungGen      total 17920K, used 1968K [0x00000000d5580000, 0x00000000d6900000, 0x0000000100000000)
  eden space 15872K, 0% used [0x00000000d5580000,0x00000000d5580000,0x00000000d6500000)
  from space 2048K, 96% used [0x00000000d6500000,0x00000000d66ec030,0x00000000d6700000)
  to   space 2048K, 0% used [0x00000000d6700000,0x00000000d6700000,0x00000000d6900000)
 ParOldGen       total 81408K, used 81247K [0x0000000080000000, 0x0000000084f80000, 0x00000000d5580000)
  object space 81408K, 99% used [0x0000000080000000,0x0000000084f57c28,0x0000000084f80000)
 Metaspace       used 63221K, committed 64704K, reserved 1114112K
  class space    used 6630K, committed 7296K, reserved 1048576K
}
Event: 30.030 GC heap before
{Heap before GC invocations=81 (full 3):
 PSYoungGen      total 17920K, used 17840K [0x00000000d5580000, 0x00000000d6900000, 0x0000000100000000)
  eden space 15872K, 100% used [0x00000000d5580000,0x00000000d6500000,0x00000000d6500000)
  from space 2048K, 96% used [0x00000000d6500000,0x00000000d66ec030,0x00000000d6700000)
  to   space 2048K, 0% used [0x00000000d6700000,0x00000000d6700000,0x00000000d6900000)
 ParOldGen       total 81408K, used 81247K [0x0000000080000000, 0x0000000084f80000, 0x00000000d5580000)
  object space 81408K, 99% used [0x0000000080000000,0x0000000084f57c28,0x0000000084f80000)
 Metaspace       used 63469K, committed 64960K, reserved 1114112K
  class space    used 6635K, committed 7296K, reserved 1048576K
}
Event: 30.034 GC heap after
{Heap after GC invocations=81 (full 3):
 PSYoungGen      total 17920K, used 1691K [0x00000000d5580000, 0x00000000d6900000, 0x0000000100000000)
  eden space 15872K, 0% used [0x00000000d5580000,0x00000000d5580000,0x00000000d6500000)
  from space 2048K, 82% used [0x00000000d6700000,0x00000000d68a6c18,0x00000000d6900000)
  to   space 2048K, 0% used [0x00000000d6500000,0x00000000d6500000,0x00000000d6700000)
 ParOldGen       total 83456K, used 83039K [0x0000000080000000, 0x0000000085180000, 0x00000000d5580000)
  object space 83456K, 99% used [0x0000000080000000,0x0000000085117cc8,0x0000000085180000)
 Metaspace       used 63469K, committed 64960K, reserved 1114112K
  class space    used 6635K, committed 7296K, reserved 1048576K
}

