# JRE version: OpenJDK Runtime Environment Temurin-21.0.8+9 (21.0.8+9) (build 21.0.8+9-LTS)
# Java VM: OpenJDK 64-Bit Server VM Temurin-21.0.8+9 (21.0.8+9-LTS, mixed mode, sharing, tiered, compressed oops, compressed class ptrs, parallel gc, windows-amd64)
GC Precious Log:
 CardTable entry size: 512
 CPUs: 12 total, 12 available
 Memory: 7916M
 Large Page Support: Disabled
 NUMA Support: Disabled
 Compressed Oops: Enabled (32-bit)
 Alignments: Space 512K, Generation 512K, Heap 2M
 Heap Min Capacity: 100M
 Heap Initial Capacity: 100M
 Heap Max Capacity: 2G
 Pre-touch: Disabled
 Parallel Workers: 10
Heap:
 PSYoungGen      total 15360K, used 11551K [0x00000000d5580000, 0x00000000d6680000, 0x0000000100000000)
  eden space 13312K, 72% used [0x00000000d5580000,0x00000000d5ee5ea8,0x00000000d6280000)
  from space 2048K, 94% used [0x00000000d6280000,0x00000000d6461db8,0x00000000d6480000)
  to   space 2048K, 0% used [0x00000000d6480000,0x00000000d6480000,0x00000000d6680000)
 ParOldGen       total 79872K, used 79476K [0x0000000080000000, 0x0000000084e00000, 0x00000000d5580000)
  object space 79872K, 99% used [0x0000000080000000,0x0000000084d9d228,0x0000000084e00000)
 Metaspace       used 64316K, committed 65792K, reserved 1114112K
  class space    used 6717K, committed 7360K, reserved 1048576K
GC Heap History (20 events):
Event: 84.624 GC heap before
{Heap before GC invocations=73 (full 3):
 PSYoungGen      total 16896K, used 16482K [0x00000000d5580000, 0x00000000d6800000, 0x0000000100000000)
  eden space 15872K, 100% used [0x00000000d5580000,0x00000000d6500000,0x00000000d6500000)
  from space 1024K, 59% used [0x00000000d6500000,0x00000000d6598800,0x00000000d6600000)
  to   space 1536K, 0% used [0x00000000d6680000,0x00000000d6680000,0x00000000d6800000)
 ParOldGen       total 73728K, used 71999K [0x0000000080000000, 0x0000000084800000, 0x00000000d5580000)
  object space 73728K, 97% used [0x0000000080000000,0x000000008464fda8,0x0000000084800000)
 Metaspace       used 59986K, committed 61312K, reserved 1114112K
  class space    used 6362K, committed 6912K, reserved 1048576K
}
Event: 84.627 GC heap after
{Heap after GC invocations=73 (full 3):
 PSYoungGen      total 17408K, used 1287K [0x00000000d5580000, 0x00000000d6800000, 0x0000000100000000)
  eden space 15872K, 0% used [0x00000000d5580000,0x00000000d5580000,0x00000000d6500000)
  from space 1536K, 83% used [0x00000000d6680000,0x00000000d67c1f68,0x00000000d6800000)
  to   space 1536K, 0% used [0x00000000d6500000,0x00000000d6500000,0x00000000d6680000)
 ParOldGen       total 73728K, used 72470K [0x0000000080000000, 0x0000000084800000, 0x00000000d5580000)
  object space 73728K, 98% used [0x0000000080000000,0x00000000846c5a58,0x0000000084800000)
 Metaspace       used 59986K, committed 61312K, reserved 1114112K
  class space    used 6362K, committed 6912K, reserved 1048576K
}
Event: 85.420 GC heap before
{Heap before GC invocations=74 (full 3):
 PSYoungGen      total 17408K, used 17159K [0x00000000d5580000, 0x00000000d6800000, 0x0000000100000000)
  eden space 15872K, 100% used [0x00000000d5580000,0x00000000d6500000,0x00000000d6500000)
  from space 1536K, 83% used [0x00000000d6680000,0x00000000d67c1f68,0x00000000d6800000)
  to   space 1536K, 0% used [0x00000000d6500000,0x00000000d6500000,0x00000000d6680000)
 ParOldGen       total 73728K, used 72470K [0x0000000080000000, 0x0000000084800000, 0x00000000d5580000)
  object space 73728K, 98% used [0x0000000080000000,0x00000000846c5a58,0x0000000084800000)
 Metaspace       used 60479K, committed 61888K, reserved 1114112K
  class space    used 6403K, committed 6976K, reserved 1048576K
}
Event: 85.425 GC heap after
{Heap after GC invocations=74 (full 3):
 PSYoungGen      total 17408K, used 1463K [0x00000000d5580000, 0x00000000d6800000, 0x0000000100000000)
  eden space 15872K, 0% used [0x00000000d5580000,0x00000000d5580000,0x00000000d6500000)
  from space 1536K, 95% used [0x00000000d6500000,0x00000000d666de98,0x00000000d6680000)
  to   space 1536K, 0% used [0x00000000d6680000,0x00000000d6680000,0x00000000d6800000)
 ParOldGen       total 73728K, used 73348K [0x0000000080000000, 0x0000000084800000, 0x00000000d5580000)
  object space 73728K, 99% used [0x0000000080000000,0x00000000847a11f0,0x0000000084800000)
 Metaspace       used 60479K, committed 61888K, reserved 1114112K
  class space    used 6403K, committed 6976K, reserved 1048576K
}
Event: 86.135 GC heap before
{Heap before GC invocations=75 (full 3):
 PSYoungGen      total 17408K, used 17335K [0x00000000d5580000, 0x00000000d6800000, 0x0000000100000000)
  eden space 15872K, 99% used [0x00000000d5580000,0x00000000d64ffea0,0x00000000d6500000)
  from space 1536K, 95% used [0x00000000d6500000,0x00000000d666de98,0x00000000d6680000)
  to   space 1536K, 0% used [0x00000000d6680000,0x00000000d6680000,0x00000000d6800000)
 ParOldGen       total 73728K, used 73348K [0x0000000080000000, 0x0000000084800000, 0x00000000d5580000)
  object space 73728K, 99% used [0x0000000080000000,0x00000000847a11f0,0x0000000084800000)
 Metaspace       used 60844K, committed 62208K, reserved 1114112K
  class space    used 6421K, committed 6976K, reserved 1048576K
}
Event: 86.143 GC heap after
{Heap after GC invocations=75 (full 3):
 PSYoungGen      total 15360K, used 1509K [0x00000000d5580000, 0x00000000d6c00000, 0x0000000100000000)
  eden space 13824K, 0% used [0x00000000d5580000,0x00000000d5580000,0x00000000d6300000)
  from space 1536K, 98% used [0x00000000d6680000,0x00000000d67f9508,0x00000000d6800000)
  to   space 3584K, 0% used [0x00000000d6300000,0x00000000d6300000,0x00000000d6680000)
 ParOldGen       total 75264K, used 74764K [0x0000000080000000, 0x0000000084980000, 0x00000000d5580000)
  object space 75264K, 99% used [0x0000000080000000,0x0000000084903188,0x0000000084980000)
 Metaspace       used 60844K, committed 62208K, reserved 1114112K
  class space    used 6421K, committed 6976K, reserved 1048576K
}
Event: 86.455 GC heap before
{Heap before GC invocations=76 (full 3):
 PSYoungGen      total 15360K, used 15310K [0x00000000d5580000, 0x00000000d6c00000, 0x0000000100000000)
  eden space 13824K, 99% used [0x00000000d5580000,0x00000000d62fa558,0x00000000d6300000)
  from space 1536K, 98% used [0x00000000d6680000,0x00000000d67f9508,0x00000000d6800000)
  to   space 3584K, 0% used [0x00000000d6300000,0x00000000d6300000,0x00000000d6680000)
 ParOldGen       total 75264K, used 74764K [0x0000000080000000, 0x0000000084980000, 0x00000000d5580000)
  object space 75264K, 99% used [0x0000000080000000,0x0000000084903188,0x0000000084980000)
 Metaspace       used 61085K, committed 62400K, reserved 1114112K
  class space    used 6452K, committed 6976K, reserved 1048576K
}
Event: 86.458 GC heap after
{Heap after GC invocations=76 (full 3):
 PSYoungGen      total 14848K, used 544K [0x00000000d5580000, 0x00000000d6700000, 0x0000000100000000)
  eden space 13824K, 0% used [0x00000000d5580000,0x00000000d5580000,0x00000000d6300000)
  from space 1024K, 53% used [0x00000000d6300000,0x00000000d6388000,0x00000000d6400000)
  to   space 1536K, 0% used [0x00000000d6580000,0x00000000d6580000,0x00000000d6700000)
 ParOldGen       total 76288K, used 76228K [0x0000000080000000, 0x0000000084a80000, 0x00000000d5580000)
  object space 76288K, 99% used [0x0000000080000000,0x0000000084a712b8,0x0000000084a80000)
 Metaspace       used 61085K, committed 62400K, reserved 1114112K
  class space    used 6452K, committed 6976K, reserved 1048576K
}
Event: 87.011 GC heap before
{Heap before GC invocations=77 (full 3):
 PSYoungGen      total 14848K, used 14368K [0x00000000d5580000, 0x00000000d6700000, 0x0000000100000000)
  eden space 13824K, 100% used [0x00000000d5580000,0x00000000d6300000,0x00000000d6300000)
  from space 1024K, 53% used [0x00000000d6300000,0x00000000d6388000,0x00000000d6400000)
  to   space 1536K, 0% used [0x00000000d6580000,0x00000000d6580000,0x00000000d6700000)
 ParOldGen       total 76288K, used 76228K [0x0000000080000000, 0x0000000084a80000, 0x00000000d5580000)
  object space 76288K, 99% used [0x0000000080000000,0x0000000084a712b8,0x0000000084a80000)
 Metaspace       used 61356K, committed 62656K, reserved 1114112K
  class space    used 6477K, committed 7040K, reserved 1048576K
}
Event: 87.016 GC heap after
{Heap after GC invocations=77 (full 3):
 PSYoungGen      total 14848K, used 695K [0x00000000d5580000, 0x00000000d6680000, 0x0000000100000000)
  eden space 13824K, 0% used [0x00000000d5580000,0x00000000d5580000,0x00000000d6300000)
  from space 1024K, 67% used [0x00000000d6580000,0x00000000d662dde8,0x00000000d6680000)
  to   space 1024K, 0% used [0x00000000d6300000,0x00000000d6300000,0x00000000d6400000)
 ParOldGen       total 76800K, used 76588K [0x0000000080000000, 0x0000000084b00000, 0x00000000d5580000)
  object space 76800K, 99% used [0x0000000080000000,0x0000000084acb308,0x0000000084b00000)
 Metaspace       used 61356K, committed 62656K, reserved 1114112K
  class space    used 6477K, committed 7040K, reserved 1048576K
}
Event: 87.414 GC heap before
{Heap before GC invocations=78 (full 3):
 PSYoungGen      total 14848K, used 14519K [0x00000000d5580000, 0x00000000d6680000, 0x0000000100000000)
  eden space 13824K, 100% used [0x00000000d5580000,0x00000000d6300000,0x00000000d6300000)
  from space 1024K, 67% used [0x00000000d6580000,0x00000000d662dde8,0x00000000d6680000)
  to   space 1024K, 0% used [0x00000000d6300000,0x00000000d6300000,0x00000000d6400000)
 ParOldGen       total 76800K, used 76588K [0x0000000080000000, 0x0000000084b00000, 0x00000000d5580000)
  object space 76800K, 99% used [0x0000000080000000,0x0000000084acb308,0x0000000084b00000)
 Metaspace       used 61494K, committed 62912K, reserved 1114112K
  class space    used 6489K, committed 7104K, reserved 1048576K
}
Event: 87.416 GC heap after
{Heap after GC invocations=78 (full 3):
 PSYoungGen      total 14848K, used 640K [0x00000000d5580000, 0x00000000d6600000, 0x0000000100000000)
  eden space 13824K, 0% used [0x00000000d5580000,0x00000000d5580000,0x00000000d6300000)
  from space 1024K, 62% used [0x00000000d6300000,0x00000000d63a0000,0x00000000d6400000)
  to   space 1024K, 0% used [0x00000000d6500000,0x00000000d6500000,0x00000000d6600000)
 ParOldGen       total 77312K, used 77046K [0x0000000080000000, 0x0000000084b80000, 0x00000000d5580000)
  object space 77312K, 99% used [0x0000000080000000,0x0000000084b3db78,0x0000000084b80000)
 Metaspace       used 61494K, committed 62912K, reserved 1114112K
  class space    used 6489K, committed 7104K, reserved 1048576K
}
Event: 87.682 GC heap before
{Heap before GC invocations=79 (full 3):
 PSYoungGen      total 14848K, used 14464K [0x00000000d5580000, 0x00000000d6600000, 0x0000000100000000)
  eden space 13824K, 100% used [0x00000000d5580000,0x00000000d6300000,0x00000000d6300000)
  from space 1024K, 62% used [0x00000000d6300000,0x00000000d63a0000,0x00000000d6400000)
  to   space 1024K, 0% used [0x00000000d6500000,0x00000000d6500000,0x00000000d6600000)
 ParOldGen       total 77312K, used 77046K [0x0000000080000000, 0x0000000084b80000, 0x00000000d5580000)
  object space 77312K, 99% used [0x0000000080000000,0x0000000084b3db78,0x0000000084b80000)
 Metaspace       used 61598K, committed 63040K, reserved 1114112K
  class space    used 6492K, committed 7104K, reserved 1048576K
}
Event: 87.684 GC heap after
{Heap after GC invocations=79 (full 3):
 PSYoungGen      total 14848K, used 624K [0x00000000d5580000, 0x00000000d6600000, 0x0000000100000000)
  eden space 13824K, 0% used [0x00000000d5580000,0x00000000d5580000,0x00000000d6300000)
  from space 1024K, 60% used [0x00000000d6500000,0x00000000d659c010,0x00000000d6600000)
  to   space 1024K, 0% used [0x00000000d6300000,0x00000000d6300000,0x00000000d6400000)
 ParOldGen       total 77824K, used 77526K [0x0000000080000000, 0x0000000084c00000, 0x00000000d5580000)
  object space 77824K, 99% used [0x0000000080000000,0x0000000084bb5bb8,0x0000000084c00000)
 Metaspace       used 61598K, committed 63040K, reserved 1114112K
  class space    used 6492K, committed 7104K, reserved 1048576K
}
Event: 88.016 GC heap before
{Heap before GC invocations=80 (full 3):
 PSYoungGen      total 14848K, used 14448K [0x00000000d5580000, 0x00000000d6600000, 0x0000000100000000)
  eden space 13824K, 100% used [0x00000000d5580000,0x00000000d6300000,0x00000000d6300000)
  from space 1024K, 60% used [0x00000000d6500000,0x00000000d659c010,0x00000000d6600000)
  to   space 1024K, 0% used [0x00000000d6300000,0x00000000d6300000,0x00000000d6400000)
 ParOldGen       total 77824K, used 77526K [0x0000000080000000, 0x0000000084c00000, 0x00000000d5580000)
  object space 77824K, 99% used [0x0000000080000000,0x0000000084bb5bb8,0x0000000084c00000)
 Metaspace       used 61681K, committed 63104K, reserved 1114112K
  class space    used 6494K, committed 7104K, reserved 1048576K
}
Event: 88.019 GC heap after
{Heap after GC invocations=80 (full 3):
 PSYoungGen      total 14848K, used 816K [0x00000000d5580000, 0x00000000d6580000, 0x0000000100000000)
  eden space 13824K, 0% used [0x00000000d5580000,0x00000000d5580000,0x00000000d6300000)
  from space 1024K, 79% used [0x00000000d6300000,0x00000000d63cc030,0x00000000d6400000)
  to   space 1024K, 0% used [0x00000000d6480000,0x00000000d6480000,0x00000000d6580000)
 ParOldGen       total 78336K, used 77960K [0x0000000080000000, 0x0000000084c80000, 0x00000000d5580000)
  object space 78336K, 99% used [0x0000000080000000,0x0000000084c221e8,0x0000000084c80000)
 Metaspace       used 61681K, committed 63104K, reserved 1114112K
  class space    used 6494K, committed 7104K, reserved 1048576K
}
Event: 88.485 GC heap before
{Heap before GC invocations=81 (full 3):
 PSYoungGen      total 14848K, used 14640K [0x00000000d5580000, 0x00000000d6580000, 0x0000000100000000)
  eden space 13824K, 100% used [0x00000000d5580000,0x00000000d6300000,0x00000000d6300000)
  from space 1024K, 79% used [0x00000000d6300000,0x00000000d63cc030,0x00000000d6400000)
  to   space 1024K, 0% used [0x00000000d6480000,0x00000000d6480000,0x00000000d6580000)
 ParOldGen       total 78336K, used 77960K [0x0000000080000000, 0x0000000084c80000, 0x00000000d5580000)
  object space 78336K, 99% used [0x0000000080000000,0x0000000084c221e8,0x0000000084c80000)
 Metaspace       used 62112K, committed 63552K, reserved 1114112K
  class space    used 6533K, committed 7168K, reserved 1048576K
}
Event: 88.491 GC heap after
{Heap after GC invocations=81 (full 3):
 PSYoungGen      total 14336K, used 992K [0x00000000d5580000, 0x00000000d6700000, 0x0000000100000000)
  eden space 13312K, 0% used [0x00000000d5580000,0x00000000d5580000,0x00000000d6280000)
  from space 1024K, 96% used [0x00000000d6480000,0x00000000d6578010,0x00000000d6580000)
  to   space 2048K, 0% used [0x00000000d6280000,0x00000000d6280000,0x00000000d6480000)
 ParOldGen       total 78848K, used 78584K [0x0000000080000000, 0x0000000084d00000, 0x00000000d5580000)
  object space 78848K, 99% used [0x0000000080000000,0x0000000084cbe248,0x0000000084d00000)
 Metaspace       used 62112K, committed 63552K, reserved 1114112K
  class space    used 6533K, committed 7168K, reserved 1048576K
}
Event: 89.238 GC heap before
{Heap before GC invocations=82 (full 3):
 PSYoungGen      total 14336K, used 14304K [0x00000000d5580000, 0x00000000d6700000, 0x0000000100000000)
  eden space 13312K, 100% used [0x00000000d5580000,0x00000000d6280000,0x00000000d6280000)
  from space 1024K, 96% used [0x00000000d6480000,0x00000000d6578010,0x00000000d6580000)
  to   space 2048K, 0% used [0x00000000d6280000,0x00000000d6280000,0x00000000d6480000)
 ParOldGen       total 78848K, used 78584K [0x0000000080000000, 0x0000000084d00000, 0x00000000d5580000)
  object space 78848K, 99% used [0x0000000080000000,0x0000000084cbe248,0x0000000084d00000)
 Metaspace       used 63049K, committed 64512K, reserved 1114112K
  class space    used 6611K, committed 7232K, reserved 1048576K
}
Event: 89.242 GC heap after
{Heap after GC invocations=82 (full 3):
 PSYoungGen      total 15360K, used 1927K [0x00000000d5580000, 0x00000000d6680000, 0x0000000100000000)
  eden space 13312K, 0% used [0x00000000d5580000,0x00000000d5580000,0x00000000d6280000)
  from space 2048K, 94% used [0x00000000d6280000,0x00000000d6461db8,0x00000000d6480000)
  to   space 2048K, 0% used [0x00000000d6480000,0x00000000d6480000,0x00000000d6680000)
 ParOldGen       total 79872K, used 79476K [0x0000000080000000, 0x0000000084e00000, 0x00000000d5580000)
  object space 79872K, 99% used [0x0000000080000000,0x0000000084d9d228,0x0000000084e00000)
 Metaspace       used 63049K, committed 64512K, reserved 1114112K
  class space    used 6611K, committed 7232K, reserved 1048576K
}

