# JRE version: OpenJDK Runtime Environment Temurin-21.0.8+9 (21.0.8+9) (build 21.0.8+9-LTS)
# Java VM: OpenJDK 64-Bit Server VM Temurin-21.0.8+9 (21.0.8+9-LTS, mixed mode, sharing, tiered, compressed oops, compressed class ptrs, parallel gc, windows-amd64)
GC Precious Log:
 CardTable entry size: 512
 CPUs: 12 total, 12 available
 Memory: 7916M
 Large Page Support: Disabled
 NUMA Support: Disabled
 Compressed Oops: Enabled (32-bit)
 Alignments: Space 512K, Generation 512K, Heap 2M
 Heap Min Capacity: 100M
 Heap Initial Capacity: 100M
 Heap Max Capacity: 2G
 Pre-touch: Disabled
 Parallel Workers: 10
Heap:
 PSYoungGen      total 19968K, used 2232K [0x00000000d5580000, 0x00000000d6b80000, 0x0000000100000000)
  eden space 17920K, 6% used [0x00000000d5580000,0x00000000d56b6150,0x00000000d6700000)
  from space 2048K, 48% used [0x00000000d6800000,0x00000000d68f8220,0x00000000d6a00000)
  to   space 1536K, 0% used [0x00000000d6a00000,0x00000000d6a00000,0x00000000d6b80000)
 ParOldGen       total 92672K, used 92342K [0x0000000080000000, 0x0000000085a80000, 0x00000000d5580000)
  object space 92672K, 99% used [0x0000000080000000,0x0000000085a2dae8,0x0000000085a80000)
 Metaspace       used 66531K, committed 68096K, reserved 1114112K
  class space    used 6913K, committed 7616K, reserved 1048576K
GC Heap History (20 events):
Event: 18.692 GC heap before
{Heap before GC invocations=71 (full 3):
 PSYoungGen      total 20480K, used 20163K [0x00000000d5580000, 0x00000000d6c00000, 0x0000000100000000)
  eden space 17920K, 100% used [0x00000000d5580000,0x00000000d6700000,0x00000000d6700000)
  from space 2560K, 87% used [0x00000000d6880000,0x00000000d6ab0c10,0x00000000d6b00000)
  to   space 1024K, 0% used [0x00000000d6b00000,0x00000000d6b00000,0x00000000d6c00000)
 ParOldGen       total 81408K, used 81122K [0x0000000080000000, 0x0000000084f80000, 0x00000000d5580000)
  object space 81408K, 99% used [0x0000000080000000,0x0000000084f388b8,0x0000000084f80000)
 Metaspace       used 64341K, committed 65920K, reserved 1114112K
  class space    used 6765K, committed 7488K, reserved 1048576K
}
Event: 18.695 GC heap after
{Heap after GC invocations=71 (full 3):
 PSYoungGen      total 18944K, used 1019K [0x00000000d5580000, 0x00000000d6f00000, 0x0000000100000000)
  eden space 17920K, 0% used [0x00000000d5580000,0x00000000d5580000,0x00000000d6700000)
  from space 1024K, 99% used [0x00000000d6b00000,0x00000000d6bfed58,0x00000000d6c00000)
  to   space 4096K, 0% used [0x00000000d6700000,0x00000000d6700000,0x00000000d6b00000)
 ParOldGen       total 83968K, used 83548K [0x0000000080000000, 0x0000000085200000, 0x00000000d5580000)
  object space 83968K, 99% used [0x0000000080000000,0x0000000085197038,0x0000000085200000)
 Metaspace       used 64341K, committed 65920K, reserved 1114112K
  class space    used 6765K, committed 7488K, reserved 1048576K
}
Event: 18.820 GC heap before
{Heap before GC invocations=72 (full 3):
 PSYoungGen      total 18944K, used 18939K [0x00000000d5580000, 0x00000000d6f00000, 0x0000000100000000)
  eden space 17920K, 100% used [0x00000000d5580000,0x00000000d6700000,0x00000000d6700000)
  from space 1024K, 99% used [0x00000000d6b00000,0x00000000d6bfed58,0x00000000d6c00000)
  to   space 4096K, 0% used [0x00000000d6700000,0x00000000d6700000,0x00000000d6b00000)
 ParOldGen       total 83968K, used 83548K [0x0000000080000000, 0x0000000085200000, 0x00000000d5580000)
  object space 83968K, 99% used [0x0000000080000000,0x0000000085197038,0x0000000085200000)
 Metaspace       used 64392K, committed 65984K, reserved 1114112K
  class space    used 6769K, committed 7488K, reserved 1048576K
}
Event: 18.823 GC heap after
{Heap after GC invocations=72 (full 3):
 PSYoungGen      total 19968K, used 2047K [0x00000000d5580000, 0x00000000d6c00000, 0x0000000100000000)
  eden space 17920K, 0% used [0x00000000d5580000,0x00000000d5580000,0x00000000d6700000)
  from space 2048K, 99% used [0x00000000d6700000,0x00000000d68ffe50,0x00000000d6900000)
  to   space 2560K, 0% used [0x00000000d6980000,0x00000000d6980000,0x00000000d6c00000)
 ParOldGen       total 84992K, used 84708K [0x0000000080000000, 0x0000000085300000, 0x00000000d5580000)
  object space 84992K, 99% used [0x0000000080000000,0x00000000852b90f0,0x0000000085300000)
 Metaspace       used 64392K, committed 65984K, reserved 1114112K
  class space    used 6769K, committed 7488K, reserved 1048576K
}
Event: 19.048 GC heap before
{Heap before GC invocations=73 (full 3):
 PSYoungGen      total 19968K, used 19965K [0x00000000d5580000, 0x00000000d6c00000, 0x0000000100000000)
  eden space 17920K, 99% used [0x00000000d5580000,0x00000000d66ff760,0x00000000d6700000)
  from space 2048K, 99% used [0x00000000d6700000,0x00000000d68ffe50,0x00000000d6900000)
  to   space 2560K, 0% used [0x00000000d6980000,0x00000000d6980000,0x00000000d6c00000)
 ParOldGen       total 84992K, used 84708K [0x0000000080000000, 0x0000000085300000, 0x00000000d5580000)
  object space 84992K, 99% used [0x0000000080000000,0x00000000852b90f0,0x0000000085300000)
 Metaspace       used 64551K, committed 66112K, reserved 1114112K
  class space    used 6770K, committed 7488K, reserved 1048576K
}
Event: 19.051 GC heap after
{Heap after GC invocations=73 (full 3):
 PSYoungGen      total 19456K, used 1498K [0x00000000d5580000, 0x00000000d6b00000, 0x0000000100000000)
  eden space 17920K, 0% used [0x00000000d5580000,0x00000000d5580000,0x00000000d6700000)
  from space 1536K, 97% used [0x00000000d6980000,0x00000000d6af6bb8,0x00000000d6b00000)
  to   space 2048K, 0% used [0x00000000d6700000,0x00000000d6700000,0x00000000d6900000)
 ParOldGen       total 86016K, used 85912K [0x0000000080000000, 0x0000000085400000, 0x00000000d5580000)
  object space 86016K, 99% used [0x0000000080000000,0x00000000853e62f0,0x0000000085400000)
 Metaspace       used 64551K, committed 66112K, reserved 1114112K
  class space    used 6770K, committed 7488K, reserved 1048576K
}
Event: 19.218 GC heap before
{Heap before GC invocations=74 (full 3):
 PSYoungGen      total 19456K, used 19418K [0x00000000d5580000, 0x00000000d6b00000, 0x0000000100000000)
  eden space 17920K, 100% used [0x00000000d5580000,0x00000000d6700000,0x00000000d6700000)
  from space 1536K, 97% used [0x00000000d6980000,0x00000000d6af6bb8,0x00000000d6b00000)
  to   space 2048K, 0% used [0x00000000d6700000,0x00000000d6700000,0x00000000d6900000)
 ParOldGen       total 86016K, used 85912K [0x0000000080000000, 0x0000000085400000, 0x00000000d5580000)
  object space 86016K, 99% used [0x0000000080000000,0x00000000853e62f0,0x0000000085400000)
 Metaspace       used 64689K, committed 66240K, reserved 1114112K
  class space    used 6770K, committed 7488K, reserved 1048576K
}
Event: 19.225 GC heap after
{Heap after GC invocations=74 (full 3):
 PSYoungGen      total 19456K, used 1312K [0x00000000d5580000, 0x00000000d6a00000, 0x0000000100000000)
  eden space 17920K, 0% used [0x00000000d5580000,0x00000000d5580000,0x00000000d6700000)
  from space 1536K, 85% used [0x00000000d6700000,0x00000000d6848000,0x00000000d6880000)
  to   space 1536K, 0% used [0x00000000d6880000,0x00000000d6880000,0x00000000d6a00000)
 ParOldGen       total 87552K, used 87083K [0x0000000080000000, 0x0000000085580000, 0x00000000d5580000)
  object space 87552K, 99% used [0x0000000080000000,0x000000008550aeb8,0x0000000085580000)
 Metaspace       used 64689K, committed 66240K, reserved 1114112K
  class space    used 6770K, committed 7488K, reserved 1048576K
}
Event: 19.436 GC heap before
{Heap before GC invocations=75 (full 3):
 PSYoungGen      total 19456K, used 19232K [0x00000000d5580000, 0x00000000d6a00000, 0x0000000100000000)
  eden space 17920K, 100% used [0x00000000d5580000,0x00000000d6700000,0x00000000d6700000)
  from space 1536K, 85% used [0x00000000d6700000,0x00000000d6848000,0x00000000d6880000)
  to   space 1536K, 0% used [0x00000000d6880000,0x00000000d6880000,0x00000000d6a00000)
 ParOldGen       total 87552K, used 87083K [0x0000000080000000, 0x0000000085580000, 0x00000000d5580000)
  object space 87552K, 99% used [0x0000000080000000,0x000000008550aeb8,0x0000000085580000)
 Metaspace       used 64922K, committed 66496K, reserved 1114112K
  class space    used 6773K, committed 7488K, reserved 1048576K
}
Event: 19.438 GC heap after
{Heap after GC invocations=75 (full 3):
 PSYoungGen      total 19456K, used 1440K [0x00000000d5580000, 0x00000000d6a00000, 0x0000000100000000)
  eden space 17920K, 0% used [0x00000000d5580000,0x00000000d5580000,0x00000000d6700000)
  from space 1536K, 93% used [0x00000000d6880000,0x00000000d69e8000,0x00000000d6a00000)
  to   space 1536K, 0% used [0x00000000d6700000,0x00000000d6700000,0x00000000d6880000)
 ParOldGen       total 88576K, used 88139K [0x0000000080000000, 0x0000000085680000, 0x00000000d5580000)
  object space 88576K, 99% used [0x0000000080000000,0x0000000085612eb8,0x0000000085680000)
 Metaspace       used 64922K, committed 66496K, reserved 1114112K
  class space    used 6773K, committed 7488K, reserved 1048576K
}
Event: 19.943 GC heap before
{Heap before GC invocations=76 (full 3):
 PSYoungGen      total 19456K, used 19360K [0x00000000d5580000, 0x00000000d6a00000, 0x0000000100000000)
  eden space 17920K, 100% used [0x00000000d5580000,0x00000000d6700000,0x00000000d6700000)
  from space 1536K, 93% used [0x00000000d6880000,0x00000000d69e8000,0x00000000d6a00000)
  to   space 1536K, 0% used [0x00000000d6700000,0x00000000d6700000,0x00000000d6880000)
 ParOldGen       total 88576K, used 88139K [0x0000000080000000, 0x0000000085680000, 0x00000000d5580000)
  object space 88576K, 99% used [0x0000000080000000,0x0000000085612eb8,0x0000000085680000)
 Metaspace       used 65458K, committed 67008K, reserved 1114112K
  class space    used 6812K, committed 7488K, reserved 1048576K
}
Event: 19.946 GC heap after
{Heap after GC invocations=76 (full 3):
 PSYoungGen      total 18944K, used 768K [0x00000000d5580000, 0x00000000d6900000, 0x0000000100000000)
  eden space 17920K, 0% used [0x00000000d5580000,0x00000000d5580000,0x00000000d6700000)
  from space 1024K, 75% used [0x00000000d6700000,0x00000000d67c0020,0x00000000d6800000)
  to   space 1024K, 0% used [0x00000000d6800000,0x00000000d6800000,0x00000000d6900000)
 ParOldGen       total 89088K, used 89084K [0x0000000080000000, 0x0000000085700000, 0x00000000d5580000)
  object space 89088K, 99% used [0x0000000080000000,0x00000000856ff168,0x0000000085700000)
 Metaspace       used 65458K, committed 67008K, reserved 1114112K
  class space    used 6812K, committed 7488K, reserved 1048576K
}
Event: 20.392 GC heap before
{Heap before GC invocations=77 (full 3):
 PSYoungGen      total 18944K, used 18580K [0x00000000d5580000, 0x00000000d6900000, 0x0000000100000000)
  eden space 17920K, 99% used [0x00000000d5580000,0x00000000d66e5228,0x00000000d6700000)
  from space 1024K, 75% used [0x00000000d6700000,0x00000000d67c0020,0x00000000d6800000)
  to   space 1024K, 0% used [0x00000000d6800000,0x00000000d6800000,0x00000000d6900000)
 ParOldGen       total 89088K, used 89084K [0x0000000080000000, 0x0000000085700000, 0x00000000d5580000)
  object space 89088K, 99% used [0x0000000080000000,0x00000000856ff168,0x0000000085700000)
 Metaspace       used 65539K, committed 67072K, reserved 1114112K
  class space    used 6816K, committed 7488K, reserved 1048576K
}
Event: 20.394 GC heap after
{Heap after GC invocations=77 (full 3):
 PSYoungGen      total 18944K, used 544K [0x00000000d5580000, 0x00000000d6900000, 0x0000000100000000)
  eden space 17920K, 0% used [0x00000000d5580000,0x00000000d5580000,0x00000000d6700000)
  from space 1024K, 53% used [0x00000000d6800000,0x00000000d6888358,0x00000000d6900000)
  to   space 1024K, 0% used [0x00000000d6700000,0x00000000d6700000,0x00000000d6800000)
 ParOldGen       total 89600K, used 89484K [0x0000000080000000, 0x0000000085780000, 0x00000000d5580000)
  object space 89600K, 99% used [0x0000000080000000,0x0000000085763188,0x0000000085780000)
 Metaspace       used 65539K, committed 67072K, reserved 1114112K
  class space    used 6816K, committed 7488K, reserved 1048576K
}
Event: 20.454 GC heap before
{Heap before GC invocations=78 (full 3):
 PSYoungGen      total 18944K, used 18302K [0x00000000d5580000, 0x00000000d6900000, 0x0000000100000000)
  eden space 17920K, 99% used [0x00000000d5580000,0x00000000d66d7598,0x00000000d6700000)
  from space 1024K, 53% used [0x00000000d6800000,0x00000000d6888358,0x00000000d6900000)
  to   space 1024K, 0% used [0x00000000d6700000,0x00000000d6700000,0x00000000d6800000)
 ParOldGen       total 89600K, used 89484K [0x0000000080000000, 0x0000000085780000, 0x00000000d5580000)
  object space 89600K, 99% used [0x0000000080000000,0x0000000085763188,0x0000000085780000)
 Metaspace       used 65544K, committed 67072K, reserved 1114112K
  class space    used 6816K, committed 7488K, reserved 1048576K
}
Event: 20.457 GC heap after
{Heap after GC invocations=78 (full 3):
 PSYoungGen      total 18944K, used 1023K [0x00000000d5580000, 0x00000000d6f00000, 0x0000000100000000)
  eden space 17920K, 0% used [0x00000000d5580000,0x00000000d5580000,0x00000000d6700000)
  from space 1024K, 99% used [0x00000000d6700000,0x00000000d67fff10,0x00000000d6800000)
  to   space 4096K, 0% used [0x00000000d6b00000,0x00000000d6b00000,0x00000000d6f00000)
 ParOldGen       total 92160K, used 91697K [0x0000000080000000, 0x0000000085a00000, 0x00000000d5580000)
  object space 92160K, 99% used [0x0000000080000000,0x000000008598c670,0x0000000085a00000)
 Metaspace       used 65544K, committed 67072K, reserved 1114112K
  class space    used 6816K, committed 7488K, reserved 1048576K
}
Event: 32.705 GC heap before
{Heap before GC invocations=79 (full 3):
 PSYoungGen      total 18944K, used 18943K [0x00000000d5580000, 0x00000000d6f00000, 0x0000000100000000)
  eden space 17920K, 99% used [0x00000000d5580000,0x00000000d66fff70,0x00000000d6700000)
  from space 1024K, 99% used [0x00000000d6700000,0x00000000d67fff10,0x00000000d6800000)
  to   space 4096K, 0% used [0x00000000d6b00000,0x00000000d6b00000,0x00000000d6f00000)
 ParOldGen       total 92160K, used 91697K [0x0000000080000000, 0x0000000085a00000, 0x00000000d5580000)
  object space 92160K, 99% used [0x0000000080000000,0x000000008598c670,0x0000000085a00000)
 Metaspace       used 65780K, committed 67392K, reserved 1114112K
  class space    used 6834K, committed 7552K, reserved 1048576K
}
Event: 32.708 GC heap after
{Heap after GC invocations=79 (full 3):
 PSYoungGen      total 18944K, used 695K [0x00000000d5580000, 0x00000000d6c00000, 0x0000000100000000)
  eden space 17920K, 0% used [0x00000000d5580000,0x00000000d5580000,0x00000000d6700000)
  from space 1024K, 67% used [0x00000000d6b00000,0x00000000d6baddc8,0x00000000d6c00000)
  to   space 2048K, 0% used [0x00000000d6800000,0x00000000d6800000,0x00000000d6a00000)
 ParOldGen       total 92160K, used 91777K [0x0000000080000000, 0x0000000085a00000, 0x00000000d5580000)
  object space 92160K, 99% used [0x0000000080000000,0x00000000859a0670,0x0000000085a00000)
 Metaspace       used 65780K, committed 67392K, reserved 1114112K
  class space    used 6834K, committed 7552K, reserved 1048576K
}
Event: 221.160 GC heap before
{Heap before GC invocations=80 (full 3):
 PSYoungGen      total 18944K, used 18615K [0x00000000d5580000, 0x00000000d6c00000, 0x0000000100000000)
  eden space 17920K, 99% used [0x00000000d5580000,0x00000000d66fffe8,0x00000000d6700000)
  from space 1024K, 67% used [0x00000000d6b00000,0x00000000d6baddc8,0x00000000d6c00000)
  to   space 2048K, 0% used [0x00000000d6800000,0x00000000d6800000,0x00000000d6a00000)
 ParOldGen       total 92160K, used 91777K [0x0000000080000000, 0x0000000085a00000, 0x00000000d5580000)
  object space 92160K, 99% used [0x0000000080000000,0x00000000859a0670,0x0000000085a00000)
 Metaspace       used 66525K, committed 68096K, reserved 1114112K
  class space    used 6913K, committed 7616K, reserved 1048576K
}
Event: 221.217 GC heap after
{Heap after GC invocations=80 (full 3):
 PSYoungGen      total 19968K, used 992K [0x00000000d5580000, 0x00000000d6b80000, 0x0000000100000000)
  eden space 17920K, 0% used [0x00000000d5580000,0x00000000d5580000,0x00000000d6700000)
  from space 2048K, 48% used [0x00000000d6800000,0x00000000d68f8220,0x00000000d6a00000)
  to   space 1536K, 0% used [0x00000000d6a00000,0x00000000d6a00000,0x00000000d6b80000)
 ParOldGen       total 92672K, used 92342K [0x0000000080000000, 0x0000000085a80000, 0x00000000d5580000)
  object space 92672K, 99% used [0x0000000080000000,0x0000000085a2dae8,0x0000000085a80000)
 Metaspace       used 66525K, committed 68096K, reserved 1114112K
  class space    used 6913K, committed 7616K, reserved 1048576K
}

